<?xml version="1.0" encoding="UTF-8"?>
<!-- Generated by org.testng.reporters.JUnitReportReporter -->
<testsuite hostname="DESKTOP-SVQG98V" failures="0" tests="4" name="org.luma.ecommerce.cucumberrunner.Runner" time="64.653" errors="0" timestamp="2024-02-05T21:16:56 PST" skipped="0">
  <testcase classname="org.luma.ecommerce.cucumberrunner.Runner" name="runScenario" time="18.639"/>
  <system-out/>
  <testcase classname="org.luma.ecommerce.cucumberrunner.Runner" name="runScenario" time="15.397"/>
  <system-out/>
  <testcase classname="org.luma.ecommerce.cucumberrunner.Runner" name="runScenario" time="15.850"/>
  <system-out/>
  <testcase classname="org.luma.ecommerce.cucumberrunner.Runner" name="runScenario" time="14.767"/>
  <system-out/>
</testsuite> <!-- org.luma.ecommerce.cucumberrunner.Runner -->
