<?xml version="1.0" encoding="UTF-8"?>
<!-- Generated by org.testng.reporters.JUnitReportReporter -->
<testsuite hostname="DESKTOP-SVQG98V" failures="0" tests="2" name="org.luma.ecommerce.cucumberrunner.Runner" time="30.894" errors="0" timestamp="2024-01-28T20:42:14 PST" skipped="0">
  <testcase classname="org.luma.ecommerce.cucumberrunner.Runner" name="runScenario" time="15.822"/>
  <system-out/>
  <testcase classname="org.luma.ecommerce.cucumberrunner.Runner" name="runScenario" time="15.072"/>
  <system-out/>
</testsuite> <!-- org.luma.ecommerce.cucumberrunner.Runner -->
